<?xml version="1.0" encoding="UTF-8"?>
<!-- Generated by org.testng.reporters.JUnitXMLReporter -->
<testsuite hostname="BDC6-DX-6F36NK2" ignored="0" name="Default test" tests="4" failures="0" timestamp="30 May 2019 05:09:22 GMT" time="20.802" errors="0">
  <testcase name="testRegistration" time="2.908" classname="testmeapp.tests.OnlineShoppingTest"/>
  <testcase name="testLogin" time="0.427" classname="testmeapp.tests.OnlineShoppingTest"/>
  <testcase name="testCart" time="3.75" classname="testmeapp.tests.OnlineShoppingTest"/>
  <testcase name="testPayment" time="7.079" classname="testmeapp.tests.OnlineShoppingTest"/>
</testsuite> <!-- Default test -->
