<?xml version="1.0" encoding="UTF-8"?>
<testng-results skipped="0" failed="0" ignored="0" total="4" passed="4">
  <reporter-output>
  </reporter-output>
  <suite name="Default suite" duration-ms="20802" started-at="2019-05-30T05:09:02Z" finished-at="2019-05-30T05:09:22Z">
    <groups>
    </groups>
    <test name="Default test" duration-ms="20802" started-at="2019-05-30T05:09:02Z" finished-at="2019-05-30T05:09:22Z">
      <class name="testmeapp.tests.OnlineShoppingTest">
        <test-method status="PASS" signature="openBrowser()[pri:0, instance:testmeapp.tests.OnlineShoppingTest@c038203]" name="openBrowser" is-config="true" duration-ms="6607" started-at="2019-05-30T05:09:02Z" finished-at="2019-05-30T05:09:08Z">
          <reporter-output>
          </reporter-output>
        </test-method> <!-- openBrowser -->
        <test-method status="PASS" signature="testRegistration()[pri:1, instance:testmeapp.tests.OnlineShoppingTest@c038203]" name="testRegistration" duration-ms="2908" started-at="2019-05-30T05:09:08Z" finished-at="2019-05-30T05:09:11Z">
          <reporter-output>
          </reporter-output>
        </test-method> <!-- testRegistration -->
        <test-method status="PASS" signature="testLogin()[pri:2, instance:testmeapp.tests.OnlineShoppingTest@c038203]" name="testLogin" duration-ms="427" started-at="2019-05-30T05:09:11Z" finished-at="2019-05-30T05:09:12Z">
          <reporter-output>
          </reporter-output>
        </test-method> <!-- testLogin -->
        <test-method status="PASS" signature="testCart()[pri:3, instance:testmeapp.tests.OnlineShoppingTest@c038203]" name="testCart" duration-ms="3750" started-at="2019-05-30T05:09:12Z" finished-at="2019-05-30T05:09:15Z">
          <reporter-output>
          </reporter-output>
        </test-method> <!-- testCart -->
        <test-method status="PASS" signature="testPayment()[pri:4, instance:testmeapp.tests.OnlineShoppingTest@c038203]" name="testPayment" duration-ms="7079" started-at="2019-05-30T05:09:15Z" finished-at="2019-05-30T05:09:22Z">
          <reporter-output>
          </reporter-output>
        </test-method> <!-- testPayment -->
      </class> <!-- testmeapp.tests.OnlineShoppingTest -->
    </test> <!-- Default test -->
  </suite> <!-- Default suite -->
</testng-results>
